<?xml version="1.0" encoding="UTF-8"?>
<testsuite name="com.example.project.TestDay3" tests="3" skipped="0" failures="0" errors="0" timestamp="2025-01-10T04:13:10" hostname="codespaces-e0f0db" time="0.036">
  <properties/>
  <testcase name="testGenerateSnowflakeDesign()" classname="com.example.project.TestDay3" time="0.017"/>
  <testcase name="testGenerateSnowflakeSmallSize()" classname="com.example.project.TestDay3" time="0.008"/>
  <testcase name="testGenerateSnowflakeOddSize()" classname="com.example.project.TestDay3" time="0.009"/>
  <system-out><![CDATA[true
false
false
false
true
false
false
false
true
true
false
false
false
true
false
false
false
true
true
false
false
false
true
false
false
false
true
true
false
false
false
true
false
false
false
true
true
false
false
false
true
false
false
false
true
true
false
false
false
true
false
false
false
true
true
false
false
false
true
false
false
false
true
true
false
false
false
true
false
false
false
true
true
false
false
false
true
false
false
false
true
]]></system-out>
  <system-err><![CDATA[]]></system-err>
</testsuite>
